419
634
763
1909
2089
2560
3084
3295
3388
4046
5011
5628
5992
6002
6673
6886
7311
7847
8175
8304
8424
9015
9477
9841
10418
11287
11393
11472
11749
11893
12717
12925
13026
13320
14199
15560
15738
16277
16840
17071
17200
18686
18826
20355
20457
20577
21091
22637
22725
23701
23978
24072
24345
24586
24604
24910
25198
26914
27491
27492
28417
28792
28927
29488
30013
30345
30474
30630
30771
32122
32149
34130
34369
34407
34447
35416
35857
36273
36362
36435
36700
38364
38622
39124
39302
39691
39717
40629
40789
40836
40947
41255
41637
42254
43921
44081
44209
44400
44551
44556
45317
45375
45628
46033
46354
47117
47973
48148
49040
49470
49488
50315
50651
51300
51602
51825
53460
53721
53723
53950
54069
54643
54760
54852
55893
56039
56218
56480
56490
56534
56811
57546
57733
57843
58338
58464
58832
59100
59125
60278
60310
60569
61027
61084
61284
61959
63654
63916
66707
66921
68638
68897
69396
69789
69855
69915
70151
71827
71906
72535
72847
73311
74844
76614
76669
77037
77322
78864
79015
79138
79958
80229
80353
80457
80904
80928
81338
81766
82685
83911
84589
84840
86001
86182
86187
86379
86508
86883
87863
89061
89263
90628
90924
91739
91744
92108
95282
95730
96141
96279
96351
96438
97054
97139
97319
97390
97868
98027
98632
98644
99252
99375
99790
99966
